[0.450s] Invoking command in '/home/vboxuser/robotics_assignment_final/src/robot_simulation': PYTHONPATH=/home/vboxuser/robotics_assignment_final/build/robot_simulation/prefix_override:/usr/lib/python3/dist-packages/colcon_core/task/python/colcon_distutils_commands:/home/vboxuser/robotics_assignment_final/install/robot_simulation/lib/python3.10/site-packages:${PYTHONPATH} /usr/bin/python3 -W ignore:setup.py install is deprecated -W ignore:easy_install command is deprecated setup.py egg_info --egg-base ../../build/robot_simulation build --build-base /home/vboxuser/robotics_assignment_final/build/robot_simulation/build install --record /home/vboxuser/robotics_assignment_final/build/robot_simulation/install.log --single-version-externally-managed install_data
[0.614s] running egg_info
[0.614s] creating ../../build/robot_simulation/robot_simulation.egg-info
[0.614s] writing ../../build/robot_simulation/robot_simulation.egg-info/PKG-INFO
[0.615s] writing dependency_links to ../../build/robot_simulation/robot_simulation.egg-info/dependency_links.txt
[0.615s] writing entry points to ../../build/robot_simulation/robot_simulation.egg-info/entry_points.txt
[0.615s] writing requirements to ../../build/robot_simulation/robot_simulation.egg-info/requires.txt
[0.615s] writing top-level names to ../../build/robot_simulation/robot_simulation.egg-info/top_level.txt
[0.615s] writing manifest file '../../build/robot_simulation/robot_simulation.egg-info/SOURCES.txt'
[0.615s] reading manifest file '../../build/robot_simulation/robot_simulation.egg-info/SOURCES.txt'
[0.615s] writing manifest file '../../build/robot_simulation/robot_simulation.egg-info/SOURCES.txt'
[0.615s] running build
[0.615s] running build_py
[0.615s] creating /home/vboxuser/robotics_assignment_final/build/robot_simulation/build
[0.615s] creating /home/vboxuser/robotics_assignment_final/build/robot_simulation/build/lib
[0.615s] creating /home/vboxuser/robotics_assignment_final/build/robot_simulation/build/lib/robot_simulation
[0.615s] copying robot_simulation/__init__.py -> /home/vboxuser/robotics_assignment_final/build/robot_simulation/build/lib/robot_simulation
[0.615s] copying robot_simulation/obstacle_avoidance.py -> /home/vboxuser/robotics_assignment_final/build/robot_simulation/build/lib/robot_simulation
[0.615s] running install
[0.615s] running install_lib
[0.615s] creating /home/vboxuser/robotics_assignment_final/install/robot_simulation/lib/python3.10/site-packages/robot_simulation
[0.615s] copying /home/vboxuser/robotics_assignment_final/build/robot_simulation/build/lib/robot_simulation/__init__.py -> /home/vboxuser/robotics_assignment_final/install/robot_simulation/lib/python3.10/site-packages/robot_simulation
[0.615s] copying /home/vboxuser/robotics_assignment_final/build/robot_simulation/build/lib/robot_simulation/obstacle_avoidance.py -> /home/vboxuser/robotics_assignment_final/install/robot_simulation/lib/python3.10/site-packages/robot_simulation
[0.615s] byte-compiling /home/vboxuser/robotics_assignment_final/install/robot_simulation/lib/python3.10/site-packages/robot_simulation/__init__.py to __init__.cpython-310.pyc
[0.616s] byte-compiling /home/vboxuser/robotics_assignment_final/install/robot_simulation/lib/python3.10/site-packages/robot_simulation/obstacle_avoidance.py to obstacle_avoidance.cpython-310.pyc
[0.616s] running install_data
[0.616s] creating /home/vboxuser/robotics_assignment_final/install/robot_simulation/share/ament_index
[0.616s] creating /home/vboxuser/robotics_assignment_final/install/robot_simulation/share/ament_index/resource_index
[0.616s] creating /home/vboxuser/robotics_assignment_final/install/robot_simulation/share/ament_index/resource_index/packages
[0.616s] copying resource/robot_simulation -> /home/vboxuser/robotics_assignment_final/install/robot_simulation/share/ament_index/resource_index/packages
[0.617s] copying package.xml -> /home/vboxuser/robotics_assignment_final/install/robot_simulation/share/robot_simulation
[0.617s] creating /home/vboxuser/robotics_assignment_final/install/robot_simulation/share/robot_simulation/urdf
[0.617s] copying urdf/differential_robot.urdf -> /home/vboxuser/robotics_assignment_final/install/robot_simulation/share/robot_simulation/urdf
[0.617s] creating /home/vboxuser/robotics_assignment_final/install/robot_simulation/share/robot_simulation/worlds
[0.617s] copying worlds/simple_obstacles.world -> /home/vboxuser/robotics_assignment_final/install/robot_simulation/share/robot_simulation/worlds
[0.617s] creating /home/vboxuser/robotics_assignment_final/install/robot_simulation/share/robot_simulation/launch
[0.617s] copying launch/simulation.launch.py -> /home/vboxuser/robotics_assignment_final/install/robot_simulation/share/robot_simulation/launch
[0.617s] running install_egg_info
[0.618s] Copying ../../build/robot_simulation/robot_simulation.egg-info to /home/vboxuser/robotics_assignment_final/install/robot_simulation/lib/python3.10/site-packages/robot_simulation-1.0.0-py3.10.egg-info
[0.619s] running install_scripts
[0.636s] Installing obstacle_avoidance script to /home/vboxuser/robotics_assignment_final/install/robot_simulation/lib/robot_simulation
[0.636s] writing list of installed files to '/home/vboxuser/robotics_assignment_final/build/robot_simulation/install.log'
[0.654s] Invoked command in '/home/vboxuser/robotics_assignment_final/src/robot_simulation' returned '0': PYTHONPATH=/home/vboxuser/robotics_assignment_final/build/robot_simulation/prefix_override:/usr/lib/python3/dist-packages/colcon_core/task/python/colcon_distutils_commands:/home/vboxuser/robotics_assignment_final/install/robot_simulation/lib/python3.10/site-packages:${PYTHONPATH} /usr/bin/python3 -W ignore:setup.py install is deprecated -W ignore:easy_install command is deprecated setup.py egg_info --egg-base ../../build/robot_simulation build --build-base /home/vboxuser/robotics_assignment_final/build/robot_simulation/build install --record /home/vboxuser/robotics_assignment_final/build/robot_simulation/install.log --single-version-externally-managed install_data
