running egg_info
writing ../../build/robot_simulation/robot_simulation.egg-info/PKG-INFO
writing dependency_links to ../../build/robot_simulation/robot_simulation.egg-info/dependency_links.txt
writing entry points to ../../build/robot_simulation/robot_simulation.egg-info/entry_points.txt
writing requirements to ../../build/robot_simulation/robot_simulation.egg-info/requires.txt
writing top-level names to ../../build/robot_simulation/robot_simulation.egg-info/top_level.txt
reading manifest file '../../build/robot_simulation/robot_simulation.egg-info/SOURCES.txt'
writing manifest file '../../build/robot_simulation/robot_simulation.egg-info/SOURCES.txt'
running build
running build_py
copying robot_simulation/obstacle_avoidance.py -> /home/vboxuser/robotics_assignment_final/build/robot_simulation/build/lib/robot_simulation
running install
running install_lib
copying /home/vboxuser/robotics_assignment_final/build/robot_simulation/build/lib/robot_simulation/obstacle_avoidance.py -> /home/vboxuser/robotics_assignment_final/install/robot_simulation/lib/python3.10/site-packages/robot_simulation
byte-compiling /home/vboxuser/robotics_assignment_final/install/robot_simulation/lib/python3.10/site-packages/robot_simulation/obstacle_avoidance.py to obstacle_avoidance.cpython-310.pyc
running install_data
copying urdf/differential_robot.urdf -> /home/vboxuser/robotics_assignment_final/install/robot_simulation/share/robot_simulation/urdf
running install_egg_info
removing '/home/vboxuser/robotics_assignment_final/install/robot_simulation/lib/python3.10/site-packages/robot_simulation-1.0.0-py3.10.egg-info' (and everything under it)
Copying ../../build/robot_simulation/robot_simulation.egg-info to /home/vboxuser/robotics_assignment_final/install/robot_simulation/lib/python3.10/site-packages/robot_simulation-1.0.0-py3.10.egg-info
running install_scripts
Installing obstacle_avoidance script to /home/vboxuser/robotics_assignment_final/install/robot_simulation/lib/robot_simulation
writing list of installed files to '/home/vboxuser/robotics_assignment_final/build/robot_simulation/install.log'
