[0.079s] DEBUG:colcon:Command line arguments: ['/usr/bin/colcon', 'build', '--packages-select', 'robot_simulation']
[0.079s] DEBUG:colcon:Parsed command line arguments: Namespace(log_base=None, log_level=None, verb_name='build', build_base='build', install_base='install', merge_install=False, symlink_install=False, test_result_base=None, continue_on_error=False, executor='parallel', parallel_workers=11, event_handlers=None, ignore_user_meta=False, metas=['./colcon.meta'], base_paths=['.'], packages_ignore=None, packages_ignore_regex=None, paths=None, packages_up_to=None, packages_up_to_regex=None, packages_above=None, packages_above_and_dependencies=None, packages_above_depth=None, packages_select_by_dep=None, packages_skip_by_dep=None, packages_skip_up_to=None, packages_select_build_failed=False, packages_skip_build_finished=False, packages_select_test_failures=False, packages_skip_test_passed=False, packages_select=['robot_simulation'], packages_skip=None, packages_select_regex=None, packages_skip_regex=None, packages_start=None, packages_end=None, allow_overriding=[], cmake_args=None, cmake_target=None, cmake_target_skip_unavailable=False, cmake_clean_cache=False, cmake_clean_first=False, cmake_force_configure=False, ament_cmake_args=None, catkin_cmake_args=None, catkin_skip_building_tests=False, mixin_files=None, mixin=None, verb_parser=<colcon_mixin.mixin.mixin_argument.MixinArgumentDecorator object at 0x7c08460d0d90>, verb_extension=<colcon_core.verb.build.BuildVerb object at 0x7c08460d0460>, main=<bound method BuildVerb.main of <colcon_core.verb.build.BuildVerb object at 0x7c08460d0460>>, mixin_verb=('build',))
[0.181s] Level 1:colcon.colcon_core.package_discovery:discover_packages(colcon_meta) check parameters
[0.181s] Level 1:colcon.colcon_core.package_discovery:discover_packages(recursive) check parameters
[0.181s] Level 1:colcon.colcon_core.package_discovery:discover_packages(ignore) check parameters
[0.181s] Level 1:colcon.colcon_core.package_discovery:discover_packages(path) check parameters
[0.181s] Level 1:colcon.colcon_core.package_discovery:discover_packages(colcon_meta) discover
[0.181s] Level 1:colcon.colcon_core.package_discovery:discover_packages(recursive) discover
[0.181s] INFO:colcon.colcon_core.package_discovery:Crawling recursively for packages in '/home/vboxuser/robotics_assignment_final'
[0.182s] Level 1:colcon.colcon_core.package_identification:_identify(.) by extensions ['ignore', 'ignore_ament_install']
[0.182s] Level 1:colcon.colcon_core.package_identification:_identify(.) by extension 'ignore'
[0.182s] Level 1:colcon.colcon_core.package_identification:_identify(.) by extension 'ignore_ament_install'
[0.182s] Level 1:colcon.colcon_core.package_identification:_identify(.) by extensions ['colcon_pkg']
[0.182s] Level 1:colcon.colcon_core.package_identification:_identify(.) by extension 'colcon_pkg'
[0.182s] Level 1:colcon.colcon_core.package_identification:_identify(.) by extensions ['colcon_meta']
[0.182s] Level 1:colcon.colcon_core.package_identification:_identify(.) by extension 'colcon_meta'
[0.182s] Level 1:colcon.colcon_core.package_identification:_identify(.) by extensions ['ros']
[0.182s] Level 1:colcon.colcon_core.package_identification:_identify(.) by extension 'ros'
[0.190s] Level 1:colcon.colcon_core.package_identification:_identify(.) by extensions ['cmake', 'python']
[0.191s] Level 1:colcon.colcon_core.package_identification:_identify(.) by extension 'cmake'
[0.191s] Level 1:colcon.colcon_core.package_identification:_identify(.) by extension 'python'
[0.191s] Level 1:colcon.colcon_core.package_identification:_identify(.) by extensions ['python_setup_py']
[0.191s] Level 1:colcon.colcon_core.package_identification:_identify(.) by extension 'python_setup_py'
[0.191s] Level 1:colcon.colcon_core.package_identification:_identify(build) by extensions ['ignore', 'ignore_ament_install']
[0.191s] Level 1:colcon.colcon_core.package_identification:_identify(build) by extension 'ignore'
[0.191s] Level 1:colcon.colcon_core.package_identification:_identify(build) ignored
[0.191s] Level 1:colcon.colcon_core.package_identification:_identify(install) by extensions ['ignore', 'ignore_ament_install']
[0.191s] Level 1:colcon.colcon_core.package_identification:_identify(install) by extension 'ignore'
[0.191s] Level 1:colcon.colcon_core.package_identification:_identify(install) ignored
[0.191s] Level 1:colcon.colcon_core.package_identification:_identify(log) by extensions ['ignore', 'ignore_ament_install']
[0.191s] Level 1:colcon.colcon_core.package_identification:_identify(log) by extension 'ignore'
[0.191s] Level 1:colcon.colcon_core.package_identification:_identify(log) ignored
[0.192s] Level 1:colcon.colcon_core.package_identification:_identify(src) by extensions ['ignore', 'ignore_ament_install']
[0.192s] Level 1:colcon.colcon_core.package_identification:_identify(src) by extension 'ignore'
[0.192s] Level 1:colcon.colcon_core.package_identification:_identify(src) by extension 'ignore_ament_install'
[0.192s] Level 1:colcon.colcon_core.package_identification:_identify(src) by extensions ['colcon_pkg']
[0.192s] Level 1:colcon.colcon_core.package_identification:_identify(src) by extension 'colcon_pkg'
[0.192s] Level 1:colcon.colcon_core.package_identification:_identify(src) by extensions ['colcon_meta']
[0.192s] Level 1:colcon.colcon_core.package_identification:_identify(src) by extension 'colcon_meta'
[0.192s] Level 1:colcon.colcon_core.package_identification:_identify(src) by extensions ['ros']
[0.192s] Level 1:colcon.colcon_core.package_identification:_identify(src) by extension 'ros'
[0.192s] Level 1:colcon.colcon_core.package_identification:_identify(src) by extensions ['cmake', 'python']
[0.192s] Level 1:colcon.colcon_core.package_identification:_identify(src) by extension 'cmake'
[0.192s] Level 1:colcon.colcon_core.package_identification:_identify(src) by extension 'python'
[0.192s] Level 1:colcon.colcon_core.package_identification:_identify(src) by extensions ['python_setup_py']
[0.192s] Level 1:colcon.colcon_core.package_identification:_identify(src) by extension 'python_setup_py'
[0.192s] Level 1:colcon.colcon_core.package_identification:_identify(src/robot_simulation) by extensions ['ignore', 'ignore_ament_install']
[0.192s] Level 1:colcon.colcon_core.package_identification:_identify(src/robot_simulation) by extension 'ignore'
[0.192s] Level 1:colcon.colcon_core.package_identification:_identify(src/robot_simulation) by extension 'ignore_ament_install'
[0.192s] Level 1:colcon.colcon_core.package_identification:_identify(src/robot_simulation) by extensions ['colcon_pkg']
[0.192s] Level 1:colcon.colcon_core.package_identification:_identify(src/robot_simulation) by extension 'colcon_pkg'
[0.192s] Level 1:colcon.colcon_core.package_identification:_identify(src/robot_simulation) by extensions ['colcon_meta']
[0.192s] Level 1:colcon.colcon_core.package_identification:_identify(src/robot_simulation) by extension 'colcon_meta'
[0.192s] Level 1:colcon.colcon_core.package_identification:_identify(src/robot_simulation) by extensions ['ros']
[0.192s] Level 1:colcon.colcon_core.package_identification:_identify(src/robot_simulation) by extension 'ros'
[0.194s] DEBUG:colcon.colcon_core.package_identification:Package 'src/robot_simulation' with type 'ros.ament_python' and name 'robot_simulation'
[0.194s] Level 1:colcon.colcon_core.package_discovery:discover_packages(recursive) using defaults
[0.194s] Level 1:colcon.colcon_core.package_discovery:discover_packages(ignore) discover
[0.194s] Level 1:colcon.colcon_core.package_discovery:discover_packages(ignore) using defaults
[0.194s] Level 1:colcon.colcon_core.package_discovery:discover_packages(path) discover
[0.194s] Level 1:colcon.colcon_core.package_discovery:discover_packages(path) using defaults
[0.217s] Level 1:colcon.colcon_core.package_discovery:discover_packages(prefix_path) check parameters
[0.218s] Level 1:colcon.colcon_core.package_discovery:discover_packages(prefix_path) discover
[0.218s] WARNING:colcon.colcon_core.prefix_path.colcon:The path '/home/vboxuser/ros2_ws/install' in the environment variable COLCON_PREFIX_PATH doesn't exist
[0.218s] WARNING:colcon.colcon_core.prefix_path.colcon:The path '/home/vboxuser/ros2_ws/src/diffbot_assignment/install' in the environment variable COLCON_PREFIX_PATH doesn't exist
[0.218s] WARNING:colcon.colcon_core.prefix_path.colcon:The path '/home/vboxuser/diffbot_assignment/install' in the environment variable COLCON_PREFIX_PATH doesn't exist
[0.218s] WARNING:colcon.colcon_ros.prefix_path.ament:The path '/home/vboxuser/ros2_ws/src/diffbot_assignment/install/diffbot_assignment' in the environment variable AMENT_PREFIX_PATH doesn't exist
[0.218s] WARNING:colcon.colcon_ros.prefix_path.ament:The path '/home/vboxuser/ros2_ws/install/diffbot_assignment' in the environment variable AMENT_PREFIX_PATH doesn't exist
[0.219s] DEBUG:colcon.colcon_installed_package_information.package_discovery:Found 0 installed packages in /home/vboxuser/robotics_assignment_final/install
[0.220s] DEBUG:colcon.colcon_installed_package_information.package_discovery:Found 321 installed packages in /opt/ros/humble
[0.221s] Level 1:colcon.colcon_core.package_discovery:discover_packages(prefix_path) using defaults
[0.248s] Level 5:colcon.colcon_core.verb:set package 'robot_simulation' build argument 'cmake_args' from command line to 'None'
[0.248s] Level 5:colcon.colcon_core.verb:set package 'robot_simulation' build argument 'cmake_target' from command line to 'None'
[0.248s] Level 5:colcon.colcon_core.verb:set package 'robot_simulation' build argument 'cmake_target_skip_unavailable' from command line to 'False'
[0.248s] Level 5:colcon.colcon_core.verb:set package 'robot_simulation' build argument 'cmake_clean_cache' from command line to 'False'
[0.248s] Level 5:colcon.colcon_core.verb:set package 'robot_simulation' build argument 'cmake_clean_first' from command line to 'False'
[0.248s] Level 5:colcon.colcon_core.verb:set package 'robot_simulation' build argument 'cmake_force_configure' from command line to 'False'
[0.248s] Level 5:colcon.colcon_core.verb:set package 'robot_simulation' build argument 'ament_cmake_args' from command line to 'None'
[0.248s] Level 5:colcon.colcon_core.verb:set package 'robot_simulation' build argument 'catkin_cmake_args' from command line to 'None'
[0.248s] Level 5:colcon.colcon_core.verb:set package 'robot_simulation' build argument 'catkin_skip_building_tests' from command line to 'False'
[0.248s] DEBUG:colcon.colcon_core.verb:Building package 'robot_simulation' with the following arguments: {'ament_cmake_args': None, 'build_base': '/home/vboxuser/robotics_assignment_final/build/robot_simulation', 'catkin_cmake_args': None, 'catkin_skip_building_tests': False, 'cmake_args': None, 'cmake_clean_cache': False, 'cmake_clean_first': False, 'cmake_force_configure': False, 'cmake_target': None, 'cmake_target_skip_unavailable': False, 'install_base': '/home/vboxuser/robotics_assignment_final/install/robot_simulation', 'merge_install': False, 'path': '/home/vboxuser/robotics_assignment_final/src/robot_simulation', 'symlink_install': False, 'test_result_base': None}
[0.248s] INFO:colcon.colcon_core.executor:Executing jobs using 'parallel' executor
[0.250s] DEBUG:colcon.colcon_parallel_executor.executor.parallel:run_until_complete
[0.250s] INFO:colcon.colcon_ros.task.ament_python.build:Building ROS package in '/home/vboxuser/robotics_assignment_final/src/robot_simulation' with build type 'ament_python'
[0.250s] Level 1:colcon.colcon_core.shell:create_environment_hook('robot_simulation', 'ament_prefix_path')
[0.254s] INFO:colcon.colcon_core.plugin_system:Skipping extension 'colcon_core.shell.bat': Not used on non-Windows systems
[0.254s] INFO:colcon.colcon_core.shell:Creating environment hook '/home/vboxuser/robotics_assignment_final/install/robot_simulation/share/robot_simulation/hook/ament_prefix_path.ps1'
[0.255s] INFO:colcon.colcon_core.shell:Creating environment descriptor '/home/vboxuser/robotics_assignment_final/install/robot_simulation/share/robot_simulation/hook/ament_prefix_path.dsv'
[0.255s] INFO:colcon.colcon_core.shell:Creating environment hook '/home/vboxuser/robotics_assignment_final/install/robot_simulation/share/robot_simulation/hook/ament_prefix_path.sh'
[0.256s] INFO:colcon.colcon_core.shell:Skip shell extension 'powershell' for command environment: Not usable outside of PowerShell
[0.256s] DEBUG:colcon.colcon_core.shell:Skip shell extension 'dsv' for command environment
[0.423s] INFO:colcon.colcon_core.task.python.build:Building Python package in '/home/vboxuser/robotics_assignment_final/src/robot_simulation'
[0.424s] INFO:colcon.colcon_core.shell:Skip shell extension 'powershell' for command environment: Not usable outside of PowerShell
[0.424s] DEBUG:colcon.colcon_core.shell:Skip shell extension 'dsv' for command environment
[0.701s] DEBUG:colcon.colcon_core.event_handler.log_command:Invoking command in '/home/vboxuser/robotics_assignment_final/src/robot_simulation': PYTHONPATH=/home/vboxuser/robotics_assignment_final/build/robot_simulation/prefix_override:/usr/lib/python3/dist-packages/colcon_core/task/python/colcon_distutils_commands:/home/vboxuser/robotics_assignment_final/install/robot_simulation/lib/python3.10/site-packages:${PYTHONPATH} /usr/bin/python3 -W ignore:setup.py install is deprecated -W ignore:easy_install command is deprecated setup.py egg_info --egg-base ../../build/robot_simulation build --build-base /home/vboxuser/robotics_assignment_final/build/robot_simulation/build install --record /home/vboxuser/robotics_assignment_final/build/robot_simulation/install.log --single-version-externally-managed install_data
[0.905s] DEBUG:colcon.colcon_core.event_handler.log_command:Invoked command in '/home/vboxuser/robotics_assignment_final/src/robot_simulation' returned '0': PYTHONPATH=/home/vboxuser/robotics_assignment_final/build/robot_simulation/prefix_override:/usr/lib/python3/dist-packages/colcon_core/task/python/colcon_distutils_commands:/home/vboxuser/robotics_assignment_final/install/robot_simulation/lib/python3.10/site-packages:${PYTHONPATH} /usr/bin/python3 -W ignore:setup.py install is deprecated -W ignore:easy_install command is deprecated setup.py egg_info --egg-base ../../build/robot_simulation build --build-base /home/vboxuser/robotics_assignment_final/build/robot_simulation/build install --record /home/vboxuser/robotics_assignment_final/build/robot_simulation/install.log --single-version-externally-managed install_data
[0.907s] Level 1:colcon.colcon_core.environment:checking '/home/vboxuser/robotics_assignment_final/install/robot_simulation' for CMake module files
[0.907s] Level 1:colcon.colcon_core.environment:checking '/home/vboxuser/robotics_assignment_final/install/robot_simulation' for CMake config files
[0.908s] Level 1:colcon.colcon_core.environment:checking '/home/vboxuser/robotics_assignment_final/install/robot_simulation/lib'
[0.908s] Level 1:colcon.colcon_core.environment:checking '/home/vboxuser/robotics_assignment_final/install/robot_simulation/bin'
[0.908s] Level 1:colcon.colcon_core.environment:checking '/home/vboxuser/robotics_assignment_final/install/robot_simulation/lib/pkgconfig/robot_simulation.pc'
[0.908s] Level 1:colcon.colcon_core.environment:checking '/home/vboxuser/robotics_assignment_final/install/robot_simulation/lib/python3.10/site-packages'
[0.908s] Level 1:colcon.colcon_core.shell:create_environment_hook('robot_simulation', 'pythonpath')
[0.908s] INFO:colcon.colcon_core.shell:Creating environment hook '/home/vboxuser/robotics_assignment_final/install/robot_simulation/share/robot_simulation/hook/pythonpath.ps1'
[0.909s] INFO:colcon.colcon_core.shell:Creating environment descriptor '/home/vboxuser/robotics_assignment_final/install/robot_simulation/share/robot_simulation/hook/pythonpath.dsv'
[0.909s] INFO:colcon.colcon_core.shell:Creating environment hook '/home/vboxuser/robotics_assignment_final/install/robot_simulation/share/robot_simulation/hook/pythonpath.sh'
[0.909s] Level 1:colcon.colcon_core.environment:checking '/home/vboxuser/robotics_assignment_final/install/robot_simulation/bin'
[0.909s] Level 1:colcon.colcon_core.environment:create_environment_scripts_only(robot_simulation)
[0.910s] INFO:colcon.colcon_core.shell:Creating package script '/home/vboxuser/robotics_assignment_final/install/robot_simulation/share/robot_simulation/package.ps1'
[0.910s] INFO:colcon.colcon_core.shell:Creating package descriptor '/home/vboxuser/robotics_assignment_final/install/robot_simulation/share/robot_simulation/package.dsv'
[0.911s] INFO:colcon.colcon_core.shell:Creating package script '/home/vboxuser/robotics_assignment_final/install/robot_simulation/share/robot_simulation/package.sh'
[0.911s] INFO:colcon.colcon_core.shell:Creating package script '/home/vboxuser/robotics_assignment_final/install/robot_simulation/share/robot_simulation/package.bash'
[0.912s] INFO:colcon.colcon_core.shell:Creating package script '/home/vboxuser/robotics_assignment_final/install/robot_simulation/share/robot_simulation/package.zsh'
[0.912s] Level 1:colcon.colcon_core.environment:create_file_with_runtime_dependencies(/home/vboxuser/robotics_assignment_final/install/robot_simulation/share/colcon-core/packages/robot_simulation)
[0.913s] DEBUG:colcon.colcon_parallel_executor.executor.parallel:closing loop
[0.913s] DEBUG:colcon.colcon_parallel_executor.executor.parallel:loop closed
[0.913s] DEBUG:colcon.colcon_parallel_executor.executor.parallel:run_until_complete finished with '0'
[0.913s] DEBUG:colcon.colcon_core.event_reactor:joining thread
[0.919s] INFO:colcon.colcon_core.plugin_system:Skipping extension 'colcon_notification.desktop_notification.terminal_notifier': Not used on non-Darwin systems
[0.920s] INFO:colcon.colcon_core.plugin_system:Skipping extension 'colcon_notification.desktop_notification.win32': Not used on non-Windows systems
[0.920s] INFO:colcon.colcon_notification.desktop_notification:Sending desktop notification using 'notify2'
[0.934s] DEBUG:colcon.colcon_core.event_reactor:joined thread
[0.935s] INFO:colcon.colcon_core.shell:Creating prefix script '/home/vboxuser/robotics_assignment_final/install/local_setup.ps1'
[0.936s] INFO:colcon.colcon_core.shell:Creating prefix util module '/home/vboxuser/robotics_assignment_final/install/_local_setup_util_ps1.py'
[0.939s] INFO:colcon.colcon_core.shell:Creating prefix chain script '/home/vboxuser/robotics_assignment_final/install/setup.ps1'
[0.942s] INFO:colcon.colcon_core.shell:Creating prefix script '/home/vboxuser/robotics_assignment_final/install/local_setup.sh'
[0.942s] INFO:colcon.colcon_core.shell:Creating prefix util module '/home/vboxuser/robotics_assignment_final/install/_local_setup_util_sh.py'
[0.948s] INFO:colcon.colcon_core.shell:Creating prefix chain script '/home/vboxuser/robotics_assignment_final/install/setup.sh'
[0.949s] INFO:colcon.colcon_core.shell:Creating prefix script '/home/vboxuser/robotics_assignment_final/install/local_setup.bash'
[0.949s] INFO:colcon.colcon_core.shell:Creating prefix chain script '/home/vboxuser/robotics_assignment_final/install/setup.bash'
[0.951s] INFO:colcon.colcon_core.shell:Creating prefix script '/home/vboxuser/robotics_assignment_final/install/local_setup.zsh'
[0.952s] INFO:colcon.colcon_core.shell:Creating prefix chain script '/home/vboxuser/robotics_assignment_final/install/setup.zsh'
